<?xml version="1.0" encoding="UTF-8"?>
<!-- Generated by org.testng.reporters.JUnitXMLReporter -->
<testsuite ignored="0" hostname="LTIN233552" failures="0" tests="6" name="Default test" time="0.071" errors="0" timestamp="2024-02-26T14:35:24 IST">
  <testcase classname="Identify_courses.Baseclass" name="@BeforeTest launchBrowser" time="-1.708938324647E9">
    <failure type="org.testng.TestNGException" message="
Parameter &amp;apos;browser&amp;apos; is required by BeforeTest on method launchBrowser but has not been marked @Optional or defined
in C:\Users\2303985\AppData\Local\Temp\2\testng-eclipse--1719468030\testng-customsuite.xml">
      <![CDATA[org.testng.TestNGException: 
Parameter 'browser' is required by BeforeTest on method launchBrowser but has not been marked @Optional or defined
in C:\Users\2303985\AppData\Local\Temp\2\testng-eclipse--1719468030\testng-customsuite.xml
at org.testng.internal.Parameters.createParams(Parameters.java:270)
at org.testng.internal.Parameters.createParametersForMethod(Parameters.java:358)
at org.testng.internal.Parameters.createParameters(Parameters.java:700)
at org.testng.internal.Parameters.createConfigurationParameters(Parameters.java:168)
at org.testng.internal.ConfigInvoker.invokeConfigurations(ConfigInvoker.java:302)
at org.testng.TestRunner.invokeTestConfigurations(TestRunner.java:637)
at org.testng.TestRunner.beforeRun(TestRunner.java:627)
at org.testng.TestRunner.run(TestRunner.java:589)
at org.testng.SuiteRunner.runTest(SuiteRunner.java:377)
at org.testng.SuiteRunner.runSequentially(SuiteRunner.java:371)
at org.testng.SuiteRunner.privateRun(SuiteRunner.java:332)
at org.testng.SuiteRunner.run(SuiteRunner.java:276)
at org.testng.SuiteRunnerWorker.runSuite(SuiteRunnerWorker.java:53)
at org.testng.SuiteRunnerWorker.run(SuiteRunnerWorker.java:96)
at org.testng.TestNG.runSuitesSequentially(TestNG.java:1212)
at org.testng.TestNG.runSuitesLocally(TestNG.java:1134)
at org.testng.TestNG.runSuites(TestNG.java:1063)
at org.testng.TestNG.run(TestNG.java:1031)
at org.testng.remote.AbstractRemoteTestNG.run(AbstractRemoteTestNG.java:115)
at org.testng.remote.RemoteTestNG.initAndRun(RemoteTestNG.java:251)
at org.testng.remote.RemoteTestNG.main(RemoteTestNG.java:77)
]]>
    </failure>
  </testcase> <!-- @BeforeTest launchBrowser -->
  <testcase classname="Identify_courses.Baseclass" name="@AfterTest closebrowser" time="-1.708938324711E9">
    <skipped/>
  </testcase> <!-- @AfterTest closebrowser -->
  <testcase classname="Identify_courses.Webdevelopment" name="search" time="0.0">
    <skipped/>
  </testcase> <!-- search -->
  <testcase classname="Identify_courses.Webdevelopment" name="level" time="0.0">
    <skipped/>
  </testcase> <!-- level -->
  <testcase classname="Identify_courses.Webdevelopment" name="language" time="0.0">
    <skipped/>
  </testcase> <!-- language -->
  <testcase classname="Identify_courses.Webdevelopment" name="selectlanguage" time="0.0">
    <skipped/>
  </testcase> <!-- selectlanguage -->
  <testcase classname="Identify_courses.Webdevelopment" name="course01" time="0.0">
    <skipped/>
  </testcase> <!-- course01 -->
  <testcase classname="Identify_courses.Webdevelopment" name="course02" time="0.0">
    <skipped/>
  </testcase> <!-- course02 -->
</testsuite> <!-- Default test -->
